# JRE version: Java(TM) SE Runtime Environment (8.0-b132) (build 1.8.0-b132)
# Java VM: Java HotSpot(TM) Client VM (25.0-b70 mixed mode windows-x86 )
Heap:
 def new generation   total 5760K, used 1013K [0x03c00000, 0x04230000, 0x09150000)
  eden space 5184K,   9% used [0x03c00000, 0x03c799a8, 0x04110000)
  from space 576K,  91% used [0x041a0000, 0x04223cc8, 0x04230000)
  to   space 576K,   0% used [0x04110000, 0x04110000, 0x041a0000)
 tenured generation   total 12600K, used 7559K [0x09150000, 0x09d9e000, 0x13c00000)
   the space 12600K,  59% used [0x09150000, 0x098b1e80, 0x098b2000, 0x09d9e000)
 Metaspace       used 11245K, capacity 11305K, committed 11392K, reserved 11648K
GC Heap History (10 events):
Event: 226.036 GC heap before
{Heap before GC invocations=14 (full 1):
 def new generation   total 5760K, used 5184K [0x03c00000, 0x04230000, 0x09150000)
  eden space 5184K, 100% used [0x03c00000, 0x04110000, 0x04110000)
  from space 576K,   0% used [0x04110000, 0x04110000, 0x041a0000)
  to   space 576K,   0% used [0x041a0000, 0x041a0000, 0x04230000)
 tenured generation   total 12600K, used 7559K [0x09150000, 0x09d9e000, 0x13c00000)
   the space 12600K,  59% used [0x09150000, 0x098b1e80, 0x098b2000, 0x09d9e000)
 Metaspace       used 11245K, capacity 11305K, committed 11392K, reserved 11648K
Event: 226.038 GC heap after
Heap after GC invocations=15 (full 1):
 def new generation   total 5760K, used 6K [0x03c00000, 0x04230000, 0x09150000)
  eden space 5184K,   0% used [0x03c00000, 0x03c00000, 0x04110000)
  from space 576K,   1% used [0x041a0000, 0x041a18b8, 0x04230000)
  to   space 576K,   0% used [0x04110000, 0x04110000, 0x041a0000)
 tenured generation   total 12600K, used 7559K [0x09150000, 0x09d9e000, 0x13c00000)
   the space 12600K,  59% used [0x09150000, 0x098b1e80, 0x098b2000, 0x09d9e000)
 Metaspace       used 11245K, capacity 11305K, committed 11392K, reserved 11648K
}
Event: 226.796 GC heap before
{Heap before GC invocations=15 (full 1):
 def new generation   total 5760K, used 5190K [0x03c00000, 0x04230000, 0x09150000)
  eden space 5184K, 100% used [0x03c00000, 0x04110000, 0x04110000)
  from space 576K,   1% used [0x041a0000, 0x041a18b8, 0x04230000)
  to   space 576K,   0% used [0x04110000, 0x04110000, 0x041a0000)
 tenured generation   total 12600K, used 7559K [0x09150000, 0x09d9e000, 0x13c00000)
   the space 12600K,  59% used [0x09150000, 0x098b1e80, 0x098b2000, 0x09d9e000)
 Metaspace       used 11245K, capacity 11305K, committed 11392K, reserved 11648K
Event: 226.797 GC heap after
Heap after GC invocations=16 (full 1):
 def new generation   total 5760K, used 6K [0x03c00000, 0x04230000, 0x09150000)
  eden space 5184K,   0% used [0x03c00000, 0x03c00000, 0x04110000)
  from space 576K,   1% used [0x04110000, 0x041118a0, 0x041a0000)
  to   space 576K,   0% used [0x041a0000, 0x041a0000, 0x04230000)
 tenured generation   total 12600K, used 7559K [0x09150000, 0x09d9e000, 0x13c00000)
   the space 12600K,  59% used [0x09150000, 0x098b1e80, 0x098b2000, 0x09d9e000)
 Metaspace       used 11245K, capacity 11305K, committed 11392K, reserved 11648K
}
Event: 227.604 GC heap before
{Heap before GC invocations=16 (full 1):
 def new generation   total 5760K, used 5190K [0x03c00000, 0x04230000, 0x09150000)
  eden space 5184K, 100% used [0x03c00000, 0x04110000, 0x04110000)
  from space 576K,   1% used [0x04110000, 0x041118a0, 0x041a0000)
  to   space 576K,   0% used [0x041a0000, 0x041a0000, 0x04230000)
 tenured generation   total 12600K, used 7559K [0x09150000, 0x09d9e000, 0x13c00000)
   the space 12600K,  59% used [0x09150000, 0x098b1e80, 0x098b2000, 0x09d9e000)
 Metaspace       used 11245K, capacity 11305K, committed 11392K, reserved 11648K
Event: 227.605 GC heap after
Heap after GC invocations=17 (full 1):
 def new generation   total 5760K, used 5K [0x03c00000, 0x04230000, 0x09150000)
  eden space 5184K,   0% used [0x03c00000, 0x03c00000, 0x04110000)
  from space 576K,   0% used [0x041a0000, 0x041a1680, 0x04230000)
  to   space 576K,   0% used [0x04110000, 0x04110000, 0x041a0000)
 tenured generation   total 12600K, used 7559K [0x09150000, 0x09d9e000, 0x13c00000)
   the space 12600K,  59% used [0x09150000, 0x098b1e80, 0x098b2000, 0x09d9e000)
 Metaspace       used 11245K, capacity 11305K, committed 11392K, reserved 11648K
}
Event: 227.836 GC heap before
{Heap before GC invocations=17 (full 1):
 def new generation   total 5760K, used 5189K [0x03c00000, 0x04230000, 0x09150000)
  eden space 5184K, 100% used [0x03c00000, 0x04110000, 0x04110000)
  from space 576K,   0% used [0x041a0000, 0x041a1680, 0x04230000)
  to   space 576K,   0% used [0x04110000, 0x04110000, 0x041a0000)
 tenured generation   total 12600K, used 7559K [0x09150000, 0x09d9e000, 0x13c00000)
   the space 12600K,  59% used [0x09150000, 0x098b1e80, 0x098b2000, 0x09d9e000)
 Metaspace       used 11245K, capacity 11305K, committed 11392K, reserved 11648K
Event: 227.837 GC heap after
Heap after GC invocations=18 (full 1):
 def new generation   total 5760K, used 5K [0x03c00000, 0x04230000, 0x09150000)
  eden space 5184K,   0% used [0x03c00000, 0x03c00000, 0x04110000)
  from space 576K,   1% used [0x04110000, 0x04111788, 0x041a0000)
  to   space 576K,   0% used [0x041a0000, 0x041a0000, 0x04230000)
 tenured generation   total 12600K, used 7559K [0x09150000, 0x09d9e000, 0x13c00000)
   the space 12600K,  59% used [0x09150000, 0x098b1e80, 0x098b2000, 0x09d9e000)
 Metaspace       used 11245K, capacity 11305K, committed 11392K, reserved 11648K
}
Event: 232.579 GC heap before
{Heap before GC invocations=18 (full 1):
 def new generation   total 5760K, used 5189K [0x03c00000, 0x04230000, 0x09150000)
  eden space 5184K, 100% used [0x03c00000, 0x04110000, 0x04110000)
  from space 576K,   1% used [0x04110000, 0x04111788, 0x041a0000)
  to   space 576K,   0% used [0x041a0000, 0x041a0000, 0x04230000)
 tenured generation   total 12600K, used 7559K [0x09150000, 0x09d9e000, 0x13c00000)
   the space 12600K,  59% used [0x09150000, 0x098b1e80, 0x098b2000, 0x09d9e000)
 Metaspace       used 11245K, capacity 11305K, committed 11392K, reserved 11648K
Event: 232.581 GC heap after
Heap after GC invocations=19 (full 1):
 def new generation   total 5760K, used 527K [0x03c00000, 0x04230000, 0x09150000)
  eden space 5184K,   0% used [0x03c00000, 0x03c00000, 0x04110000)
  from space 576K,  91% used [0x041a0000, 0x04223cc8, 0x04230000)
  to   space 576K,   0% used [0x04110000, 0x04110000, 0x041a0000)
 tenured generation   total 12600K, used 7559K [0x09150000, 0x09d9e000, 0x13c00000)
   the space 12600K,  59% used [0x09150000, 0x098b1e80, 0x098b2000, 0x09d9e000)
 Metaspace       used 11245K, capacity 11305K, committed 11392K, reserved 11648K
}

