# JRE version: 7.0_17-b02
# Java VM: Java HotSpot(TM) Client VM (23.7-b01 mixed mode, sharing windows-x86 )
Heap
 def new generation   total 4928K, used 3245K [0x234d0000, 0x23a20000, 0x28a20000)
  eden space 4416K,  66% used [0x234d0000, 0x237ab3a0, 0x23920000)
  from space 512K,  62% used [0x239a0000, 0x239f0230, 0x23a20000)
  to   space 512K,   0% used [0x23920000, 0x23920000, 0x239a0000)
 tenured generation   total 10944K, used 7404K [0x28a20000, 0x294d0000, 0x334d0000)
   the space 10944K,  67% used [0x28a20000, 0x2915b1f0, 0x2915b200, 0x294d0000)
 compacting perm gen  total 12288K, used 2866K [0x334d0000, 0x340d0000, 0x374d0000)
   the space 12288K,  23% used [0x334d0000, 0x3379c920, 0x3379ca00, 0x340d0000)
    ro space 10240K,  45% used [0x374d0000, 0x379573d8, 0x37957400, 0x37ed0000)
    rw space 12288K,  54% used [0x37ed0000, 0x3855acc8, 0x3855ae00, 0x38ad0000)
GC Heap History (10 events):
Event: 11.925 GC heap before
{Heap before GC invocations=4 (full 0):
 def new generation   total 4928K, used 4782K [0x234d0000, 0x23a20000, 0x28a20000)
  eden space 4416K, 100% used [0x234d0000, 0x23920000, 0x23920000)
  from space 512K,  71% used [0x23920000, 0x2397b900, 0x239a0000)
  to   space 512K,   0% used [0x239a0000, 0x239a0000, 0x23a20000)
 tenured generation   total 10944K, used 5266K [0x28a20000, 0x294d0000, 0x334d0000)
   the space 10944K,  48% used [0x28a20000, 0x28f449a0, 0x28f44a00, 0x294d0000)
 compacting perm gen  total 12288K, used 2850K [0x334d0000, 0x340d0000, 0x374d0000)
   the space 12288K,  23% used [0x334d0000, 0x33798820, 0x33798a00, 0x340d0000)
    ro space 10240K,  45% used [0x374d0000, 0x379573d8, 0x37957400, 0x37ed0000)
    rw space 12288K,  54% used [0x37ed0000, 0x3855acc8, 0x3855ae00, 0x38ad0000)
Event: 11.930 GC heap after
Heap after GC invocations=5 (full 0):
 def new generation   total 4928K, used 466K [0x234d0000, 0x23a20000, 0x28a20000)
  eden space 4416K,   0% used [0x234d0000, 0x234d0000, 0x23920000)
  from space 512K,  91% used [0x239a0000, 0x23a14bc0, 0x23a20000)
  to   space 512K,   0% used [0x23920000, 0x23920000, 0x239a0000)
 tenured generation   total 10944K, used 5366K [0x28a20000, 0x294d0000, 0x334d0000)
   the space 10944K,  49% used [0x28a20000, 0x28f5dba8, 0x28f5dc00, 0x294d0000)
 compacting perm gen  total 12288K, used 2850K [0x334d0000, 0x340d0000, 0x374d0000)
   the space 12288K,  23% used [0x334d0000, 0x33798820, 0x33798a00, 0x340d0000)
    ro space 10240K,  45% used [0x374d0000, 0x379573d8, 0x37957400, 0x37ed0000)
    rw space 12288K,  54% used [0x37ed0000, 0x3855acc8, 0x3855ae00, 0x38ad0000)
}
Event: 13.643 GC heap before
{Heap before GC invocations=5 (full 0):
 def new generation   total 4928K, used 4882K [0x234d0000, 0x23a20000, 0x28a20000)
  eden space 4416K, 100% used [0x234d0000, 0x23920000, 0x23920000)
  from space 512K,  91% used [0x239a0000, 0x23a14bc0, 0x23a20000)
  to   space 512K,   0% used [0x23920000, 0x23920000, 0x239a0000)
 tenured generation   total 10944K, used 5366K [0x28a20000, 0x294d0000, 0x334d0000)
   the space 10944K,  49% used [0x28a20000, 0x28f5dba8, 0x28f5dc00, 0x294d0000)
 compacting perm gen  total 12288K, used 2862K [0x334d0000, 0x340d0000, 0x374d0000)
   the space 12288K,  23% used [0x334d0000, 0x3379bb70, 0x3379bc00, 0x340d0000)
    ro space 10240K,  45% used [0x374d0000, 0x379573d8, 0x37957400, 0x37ed0000)
    rw space 12288K,  54% used [0x37ed0000, 0x3855acc8, 0x3855ae00, 0x38ad0000)
Event: 13.648 GC heap after
Heap after GC invocations=6 (full 0):
 def new generation   total 4928K, used 357K [0x234d0000, 0x23a20000, 0x28a20000)
  eden space 4416K,   0% used [0x234d0000, 0x234d0000, 0x23920000)
  from space 512K,  69% used [0x23920000, 0x23979730, 0x239a0000)
  to   space 512K,   0% used [0x239a0000, 0x239a0000, 0x23a20000)
 tenured generation   total 10944K, used 5646K [0x28a20000, 0x294d0000, 0x334d0000)
   the space 10944K,  51% used [0x28a20000, 0x28fa3918, 0x28fa3a00, 0x294d0000)
 compacting perm gen  total 12288K, used 2862K [0x334d0000, 0x340d0000, 0x374d0000)
   the space 12288K,  23% used [0x334d0000, 0x3379bb70, 0x3379bc00, 0x340d0000)
    ro space 10240K,  45% used [0x374d0000, 0x379573d8, 0x37957400, 0x37ed0000)
    rw space 12288K,  54% used [0x37ed0000, 0x3855acc8, 0x3855ae00, 0x38ad0000)
}
Event: 13.858 GC heap before
{Heap before GC invocations=6 (full 0):
 def new generation   total 4928K, used 4773K [0x234d0000, 0x23a20000, 0x28a20000)
  eden space 4416K, 100% used [0x234d0000, 0x23920000, 0x23920000)
  from space 512K,  69% used [0x23920000, 0x23979730, 0x239a0000)
  to   space 512K,   0% used [0x239a0000, 0x239a0000, 0x23a20000)
 tenured generation   total 10944K, used 5646K [0x28a20000, 0x294d0000, 0x334d0000)
   the space 10944K,  51% used [0x28a20000, 0x28fa3918, 0x28fa3a00, 0x294d0000)
 compacting perm gen  total 12288K, used 2864K [0x334d0000, 0x340d0000, 0x374d0000)
   the space 12288K,  23% used [0x334d0000, 0x3379c0e8, 0x3379c200, 0x340d0000)
    ro space 10240K,  45% used [0x374d0000, 0x379573d8, 0x37957400, 0x37ed0000)
    rw space 12288K,  54% used [0x37ed0000, 0x3855acc8, 0x3855ae00, 0x38ad0000)
Event: 13.864 GC heap after
Heap after GC invocations=7 (full 0):
 def new generation   total 4928K, used 512K [0x234d0000, 0x23a20000, 0x28a20000)
  eden space 4416K,   0% used [0x234d0000, 0x234d0000, 0x23920000)
  from space 512K, 100% used [0x239a0000, 0x23a20000, 0x23a20000)
  to   space 512K,   0% used [0x23920000, 0x23920000, 0x239a0000)
 tenured generation   total 10944K, used 6706K [0x28a20000, 0x294d0000, 0x334d0000)
   the space 10944K,  61% used [0x28a20000, 0x290ac8c0, 0x290aca00, 0x294d0000)
 compacting perm gen  total 12288K, used 2864K [0x334d0000, 0x340d0000, 0x374d0000)
   the space 12288K,  23% used [0x334d0000, 0x3379c0e8, 0x3379c200, 0x340d0000)
    ro space 10240K,  45% used [0x374d0000, 0x379573d8, 0x37957400, 0x37ed0000)
    rw space 12288K,  54% used [0x37ed0000, 0x3855acc8, 0x3855ae00, 0x38ad0000)
}
Event: 16.269 GC heap before
{Heap before GC invocations=7 (full 0):
 def new generation   total 4928K, used 4928K [0x234d0000, 0x23a20000, 0x28a20000)
  eden space 4416K, 100% used [0x234d0000, 0x23920000, 0x23920000)
  from space 512K, 100% used [0x239a0000, 0x23a20000, 0x23a20000)
  to   space 512K,   0% used [0x23920000, 0x23920000, 0x239a0000)
 tenured generation   total 10944K, used 6706K [0x28a20000, 0x294d0000, 0x334d0000)
   the space 10944K,  61% used [0x28a20000, 0x290ac8c0, 0x290aca00, 0x294d0000)
 compacting perm gen  total 12288K, used 2864K [0x334d0000, 0x340d0000, 0x374d0000)
   the space 12288K,  23% used [0x334d0000, 0x3379c258, 0x3379c400, 0x340d0000)
    ro space 10240K,  45% used [0x374d0000, 0x379573d8, 0x37957400, 0x37ed0000)
    rw space 12288K,  54% used [0x37ed0000, 0x3855acc8, 0x3855ae00, 0x38ad0000)
Event: 16.272 GC heap after
Heap after GC invocations=8 (full 0):
 def new generation   total 4928K, used 425K [0x234d0000, 0x23a20000, 0x28a20000)
  eden space 4416K,   0% used [0x234d0000, 0x234d0000, 0x23920000)
  from space 512K,  83% used [0x23920000, 0x2398a588, 0x239a0000)
  to   space 512K,   0% used [0x239a0000, 0x239a0000, 0x23a20000)
 tenured generation   total 10944K, used 7000K [0x28a20000, 0x294d0000, 0x334d0000)
   the space 10944K,  63% used [0x28a20000, 0x290f61c8, 0x290f6200, 0x294d0000)
 compacting perm gen  total 12288K, used 2864K [0x334d0000, 0x340d0000, 0x374d0000)
   the space 12288K,  23% used [0x334d0000, 0x3379c258, 0x3379c400, 0x340d0000)
    ro space 10240K,  45% used [0x374d0000, 0x379573d8, 0x37957400, 0x37ed0000)
    rw space 12288K,  54% used [0x37ed0000, 0x3855acc8, 0x3855ae00, 0x38ad0000)
}
Event: 36.045 GC heap before
{Heap before GC invocations=8 (full 0):
 def new generation   total 4928K, used 4705K [0x234d0000, 0x23a20000, 0x28a20000)
  eden space 4416K,  96% used [0x234d0000, 0x238fe1b8, 0x23920000)
  from space 512K,  83% used [0x23920000, 0x2398a588, 0x239a0000)
  to   space 512K,   0% used [0x239a0000, 0x239a0000, 0x23a20000)
 tenured generation   total 10944K, used 7000K [0x28a20000, 0x294d0000, 0x334d0000)
   the space 10944K,  63% used [0x28a20000, 0x290f61c8, 0x290f6200, 0x294d0000)
 compacting perm gen  total 12288K, used 2866K [0x334d0000, 0x340d0000, 0x374d0000)
   the space 12288K,  23% used [0x334d0000, 0x3379c890, 0x3379ca00, 0x340d0000)
    ro space 10240K,  45% used [0x374d0000, 0x379573d8, 0x37957400, 0x37ed0000)
    rw space 12288K,  54% used [0x37ed0000, 0x3855acc8, 0x3855ae00, 0x38ad0000)
Event: 36.049 GC heap after
Heap after GC invocations=9 (full 0):
 def new generation   total 4928K, used 320K [0x234d0000, 0x23a20000, 0x28a20000)
  eden space 4416K,   0% used [0x234d0000, 0x234d0000, 0x23920000)
  from space 512K,  62% used [0x239a0000, 0x239f0230, 0x23a20000)
  to   space 512K,   0% used [0x23920000, 0x23920000, 0x239a0000)
 tenured generation   total 10944K, used 7404K [0x28a20000, 0x294d0000, 0x334d0000)
   the space 10944K,  67% used [0x28a20000, 0x2915b1f0, 0x2915b200, 0x294d0000)
 compacting perm gen  total 12288K, used 2866K [0x334d0000, 0x340d0000, 0x374d0000)
   the space 12288K,  23% used [0x334d0000, 0x3379c890, 0x3379ca00, 0x340d0000)
    ro space 10240K,  45% used [0x374d0000, 0x379573d8, 0x37957400, 0x37ed0000)
    rw space 12288K,  54% used [0x37ed0000, 0x3855acc8, 0x3855ae00, 0x38ad0000)
}

