# JRE version: Java(TM) SE Runtime Environment (8.0_11-b12) (build 1.8.0_11-b12)
# Java VM: Java HotSpot(TM) Client VM (25.11-b03 mixed mode windows-x86 )
Heap:
 def new generation   total 4928K, used 908K [0x03c00000, 0x04150000, 0x09150000)
  eden space 4416K,  13% used [0x03c00000, 0x03c93c50, 0x04050000)
  from space 512K,  61% used [0x040d0000, 0x0411f4e0, 0x04150000)
  to   space 512K,   0% used [0x04050000, 0x04050000, 0x040d0000)
 tenured generation   total 10944K, used 2817K [0x09150000, 0x09c00000, 0x13c00000)
   the space 10944K,  25% used [0x09150000, 0x094104e8, 0x09410600, 0x09c00000)
 Metaspace       used 9218K, capacity 9345K, committed 9472K, reserved 9600K
GC Heap History (10 events):
Event: 5.056 GC heap before
{Heap before GC invocations=14 (full 0):
 def new generation   total 4928K, used 4914K [0x03c00000, 0x04150000, 0x09150000)
  eden space 4416K, 100% used [0x03c00000, 0x04050000, 0x04050000)
  from space 512K,  97% used [0x04050000, 0x040cc8d8, 0x040d0000)
  to   space 512K,   0% used [0x040d0000, 0x040d0000, 0x04150000)
 tenured generation   total 10944K, used 2340K [0x09150000, 0x09c00000, 0x13c00000)
   the space 10944K,  21% used [0x09150000, 0x093993a8, 0x09399400, 0x09c00000)
 Metaspace       used 9108K, capacity 9215K, committed 9344K, reserved 9600K
Event: 5.061 GC heap after
Heap after GC invocations=15 (full 0):
 def new generation   total 4928K, used 314K [0x03c00000, 0x04150000, 0x09150000)
  eden space 4416K,   0% used [0x03c00000, 0x03c00000, 0x04050000)
  from space 512K,  61% used [0x040d0000, 0x0411eb58, 0x04150000)
  to   space 512K,   0% used [0x04050000, 0x04050000, 0x040d0000)
 tenured generation   total 10944K, used 2486K [0x09150000, 0x09c00000, 0x13c00000)
   the space 10944K,  22% used [0x09150000, 0x093bd9a0, 0x093bda00, 0x09c00000)
 Metaspace       used 9108K, capacity 9215K, committed 9344K, reserved 9600K
}
Event: 5.635 GC heap before
{Heap before GC invocations=15 (full 0):
 def new generation   total 4928K, used 4730K [0x03c00000, 0x04150000, 0x09150000)
  eden space 4416K, 100% used [0x03c00000, 0x04050000, 0x04050000)
  from space 512K,  61% used [0x040d0000, 0x0411eb58, 0x04150000)
  to   space 512K,   0% used [0x04050000, 0x04050000, 0x040d0000)
 tenured generation   total 10944K, used 2486K [0x09150000, 0x09c00000, 0x13c00000)
   the space 10944K,  22% used [0x09150000, 0x093bd9a0, 0x093bda00, 0x09c00000)
 Metaspace       used 9177K, capacity 9313K, committed 9472K, reserved 9600K
Event: 5.638 GC heap after
Heap after GC invocations=16 (full 0):
 def new generation   total 4928K, used 83K [0x03c00000, 0x04150000, 0x09150000)
  eden space 4416K,   0% used [0x03c00000, 0x03c00000, 0x04050000)
  from space 512K,  16% used [0x04050000, 0x04064d78, 0x040d0000)
  to   space 512K,   0% used [0x040d0000, 0x040d0000, 0x04150000)
 tenured generation   total 10944K, used 2738K [0x09150000, 0x09c00000, 0x13c00000)
   the space 10944K,  25% used [0x09150000, 0x093fc9e0, 0x093fca00, 0x09c00000)
 Metaspace       used 9177K, capacity 9313K, committed 9472K, reserved 9600K
}
Event: 5.658 GC heap before
{Heap before GC invocations=16 (full 0):
 def new generation   total 4928K, used 4499K [0x03c00000, 0x04150000, 0x09150000)
  eden space 4416K, 100% used [0x03c00000, 0x04050000, 0x04050000)
  from space 512K,  16% used [0x04050000, 0x04064d78, 0x040d0000)
  to   space 512K,   0% used [0x040d0000, 0x040d0000, 0x04150000)
 tenured generation   total 10944K, used 2738K [0x09150000, 0x09c00000, 0x13c00000)
   the space 10944K,  25% used [0x09150000, 0x093fc9e0, 0x093fca00, 0x09c00000)
 Metaspace       used 9188K, capacity 9313K, committed 9472K, reserved 9600K
Event: 5.660 GC heap after
Heap after GC invocations=17 (full 0):
 def new generation   total 4928K, used 112K [0x03c00000, 0x04150000, 0x09150000)
  eden space 4416K,   0% used [0x03c00000, 0x03c00000, 0x04050000)
  from space 512K,  21% used [0x040d0000, 0x040ec0d8, 0x04150000)
  to   space 512K,   0% used [0x04050000, 0x04050000, 0x040d0000)
 tenured generation   total 10944K, used 2738K [0x09150000, 0x09c00000, 0x13c00000)
   the space 10944K,  25% used [0x09150000, 0x093fc9e0, 0x093fca00, 0x09c00000)
 Metaspace       used 9188K, capacity 9313K, committed 9472K, reserved 9600K
}
Event: 5.739 GC heap before
{Heap before GC invocations=17 (full 0):
 def new generation   total 4928K, used 4528K [0x03c00000, 0x04150000, 0x09150000)
  eden space 4416K, 100% used [0x03c00000, 0x04050000, 0x04050000)
  from space 512K,  21% used [0x040d0000, 0x040ec0d8, 0x04150000)
  to   space 512K,   0% used [0x04050000, 0x04050000, 0x040d0000)
 tenured generation   total 10944K, used 2738K [0x09150000, 0x09c00000, 0x13c00000)
   the space 10944K,  25% used [0x09150000, 0x093fc9e0, 0x093fca00, 0x09c00000)
 Metaspace       used 9198K, capacity 9313K, committed 9472K, reserved 9600K
Event: 5.741 GC heap after
Heap after GC invocations=18 (full 0):
 def new generation   total 4928K, used 322K [0x03c00000, 0x04150000, 0x09150000)
  eden space 4416K,   0% used [0x03c00000, 0x03c00000, 0x04050000)
  from space 512K,  63% used [0x04050000, 0x040a0b90, 0x040d0000)
  to   space 512K,   0% used [0x040d0000, 0x040d0000, 0x04150000)
 tenured generation   total 10944K, used 2738K [0x09150000, 0x09c00000, 0x13c00000)
   the space 10944K,  25% used [0x09150000, 0x093fc9e0, 0x093fca00, 0x09c00000)
 Metaspace       used 9198K, capacity 9313K, committed 9472K, reserved 9600K
}
Event: 63.467 GC heap before
{Heap before GC invocations=18 (full 0):
 def new generation   total 4928K, used 4738K [0x03c00000, 0x04150000, 0x09150000)
  eden space 4416K, 100% used [0x03c00000, 0x04050000, 0x04050000)
  from space 512K,  63% used [0x04050000, 0x040a0b90, 0x040d0000)
  to   space 512K,   0% used [0x040d0000, 0x040d0000, 0x04150000)
 tenured generation   total 10944K, used 2738K [0x09150000, 0x09c00000, 0x13c00000)
   the space 10944K,  25% used [0x09150000, 0x093fc9e0, 0x093fca00, 0x09c00000)
 Metaspace       used 9218K, capacity 9345K, committed 9472K, reserved 9600K
Event: 63.472 GC heap after
Heap after GC invocations=19 (full 0):
 def new generation   total 4928K, used 317K [0x03c00000, 0x04150000, 0x09150000)
  eden space 4416K,   0% used [0x03c00000, 0x03c00000, 0x04050000)
  from space 512K,  61% used [0x040d0000, 0x0411f4e0, 0x04150000)
  to   space 512K,   0% used [0x04050000, 0x04050000, 0x040d0000)
 tenured generation   total 10944K, used 2817K [0x09150000, 0x09c00000, 0x13c00000)
   the space 10944K,  25% used [0x09150000, 0x094104e8, 0x09410600, 0x09c00000)
 Metaspace       used 9218K, capacity 9345K, committed 9472K, reserved 9600K
}

