# JRE version: Java(TM) SE Runtime Environment (8.0_11-b12) (build 1.8.0_11-b12)
# Java VM: Java HotSpot(TM) Client VM (25.11-b03 mixed mode windows-x86 )
Heap:
 def new generation   total 4928K, used 4574K [0x03e00000, 0x04350000, 0x09350000)
  eden space 4416K,  97% used [0x03e00000, 0x04235258, 0x04250000)
  from space 512K,  51% used [0x04250000, 0x04292720, 0x042d0000)
  to   space 512K,   0% used [0x042d0000, 0x042d0000, 0x04350000)
 tenured generation   total 10944K, used 2687K [0x09350000, 0x09e00000, 0x13e00000)
   the space 10944K,  24% used [0x09350000, 0x095efd38, 0x095efe00, 0x09e00000)
 Metaspace       used 9257K, capacity 9345K, committed 9472K, reserved 9600K
GC Heap History (10 events):
Event: 4.915 GC heap before
{Heap before GC invocations=13 (full 0):
 def new generation   total 4928K, used 4650K [0x03e00000, 0x04350000, 0x09350000)
  eden space 4416K, 100% used [0x03e00000, 0x04250000, 0x04250000)
  from space 512K,  45% used [0x042d0000, 0x0430a870, 0x04350000)
  to   space 512K,   0% used [0x04250000, 0x04250000, 0x042d0000)
 tenured generation   total 10944K, used 2351K [0x09350000, 0x09e00000, 0x13e00000)
   the space 10944K,  21% used [0x09350000, 0x0959bdd8, 0x0959be00, 0x09e00000)
 Metaspace       used 9008K, capacity 9119K, committed 9216K, reserved 9600K
Event: 4.919 GC heap after
Heap after GC invocations=14 (full 0):
 def new generation   total 4928K, used 296K [0x03e00000, 0x04350000, 0x09350000)
  eden space 4416K,   0% used [0x03e00000, 0x03e00000, 0x04250000)
  from space 512K,  58% used [0x04250000, 0x0429a3e0, 0x042d0000)
  to   space 512K,   0% used [0x042d0000, 0x042d0000, 0x04350000)
 tenured generation   total 10944K, used 2351K [0x09350000, 0x09e00000, 0x13e00000)
   the space 10944K,  21% used [0x09350000, 0x0959bdd8, 0x0959be00, 0x09e00000)
 Metaspace       used 9008K, capacity 9119K, committed 9216K, reserved 9600K
}
Event: 7.078 GC heap before
{Heap before GC invocations=14 (full 0):
 def new generation   total 4928K, used 4708K [0x03e00000, 0x04350000, 0x09350000)
  eden space 4416K,  99% used [0x03e00000, 0x0424ee78, 0x04250000)
  from space 512K,  58% used [0x04250000, 0x0429a3e0, 0x042d0000)
  to   space 512K,   0% used [0x042d0000, 0x042d0000, 0x04350000)
 tenured generation   total 10944K, used 2351K [0x09350000, 0x09e00000, 0x13e00000)
   the space 10944K,  21% used [0x09350000, 0x0959bdd8, 0x0959be00, 0x09e00000)
 Metaspace       used 9110K, capacity 9215K, committed 9344K, reserved 9600K
Event: 7.084 GC heap after
Heap after GC invocations=15 (full 0):
 def new generation   total 4928K, used 353K [0x03e00000, 0x04350000, 0x09350000)
  eden space 4416K,   0% used [0x03e00000, 0x03e00000, 0x04250000)
  from space 512K,  68% used [0x042d0000, 0x04328408, 0x04350000)
  to   space 512K,   0% used [0x04250000, 0x04250000, 0x042d0000)
 tenured generation   total 10944K, used 2421K [0x09350000, 0x09e00000, 0x13e00000)
   the space 10944K,  22% used [0x09350000, 0x095ad578, 0x095ad600, 0x09e00000)
 Metaspace       used 9110K, capacity 9215K, committed 9344K, reserved 9600K
}
Event: 7.670 GC heap before
{Heap before GC invocations=15 (full 0):
 def new generation   total 4928K, used 4769K [0x03e00000, 0x04350000, 0x09350000)
  eden space 4416K, 100% used [0x03e00000, 0x04250000, 0x04250000)
  from space 512K,  68% used [0x042d0000, 0x04328408, 0x04350000)
  to   space 512K,   0% used [0x04250000, 0x04250000, 0x042d0000)
 tenured generation   total 10944K, used 2421K [0x09350000, 0x09e00000, 0x13e00000)
   the space 10944K,  22% used [0x09350000, 0x095ad578, 0x095ad600, 0x09e00000)
 Metaspace       used 9198K, capacity 9311K, committed 9472K, reserved 9600K
Event: 7.674 GC heap after
Heap after GC invocations=16 (full 0):
 def new generation   total 4928K, used 100K [0x03e00000, 0x04350000, 0x09350000)
  eden space 4416K,   0% used [0x03e00000, 0x03e00000, 0x04250000)
  from space 512K,  19% used [0x04250000, 0x042691a8, 0x042d0000)
  to   space 512K,   0% used [0x042d0000, 0x042d0000, 0x04350000)
 tenured generation   total 10944K, used 2687K [0x09350000, 0x09e00000, 0x13e00000)
   the space 10944K,  24% used [0x09350000, 0x095efd38, 0x095efe00, 0x09e00000)
 Metaspace       used 9198K, capacity 9311K, committed 9472K, reserved 9600K
}
Event: 7.701 GC heap before
{Heap before GC invocations=16 (full 0):
 def new generation   total 4928K, used 4516K [0x03e00000, 0x04350000, 0x09350000)
  eden space 4416K, 100% used [0x03e00000, 0x04250000, 0x04250000)
  from space 512K,  19% used [0x04250000, 0x042691a8, 0x042d0000)
  to   space 512K,   0% used [0x042d0000, 0x042d0000, 0x04350000)
 tenured generation   total 10944K, used 2687K [0x09350000, 0x09e00000, 0x13e00000)
   the space 10944K,  24% used [0x09350000, 0x095efd38, 0x095efe00, 0x09e00000)
 Metaspace       used 9210K, capacity 9345K, committed 9472K, reserved 9600K
Event: 7.704 GC heap after
Heap after GC invocations=17 (full 0):
 def new generation   total 4928K, used 108K [0x03e00000, 0x04350000, 0x09350000)
  eden space 4416K,   0% used [0x03e00000, 0x03e00000, 0x04250000)
  from space 512K,  21% used [0x042d0000, 0x042eb238, 0x04350000)
  to   space 512K,   0% used [0x04250000, 0x04250000, 0x042d0000)
 tenured generation   total 10944K, used 2687K [0x09350000, 0x09e00000, 0x13e00000)
   the space 10944K,  24% used [0x09350000, 0x095efd38, 0x095efe00, 0x09e00000)
 Metaspace       used 9210K, capacity 9345K, committed 9472K, reserved 9600K
}
Event: 7.828 GC heap before
{Heap before GC invocations=17 (full 0):
 def new generation   total 4928K, used 4507K [0x03e00000, 0x04350000, 0x09350000)
  eden space 4416K,  99% used [0x03e00000, 0x0424bd18, 0x04250000)
  from space 512K,  21% used [0x042d0000, 0x042eb238, 0x04350000)
  to   space 512K,   0% used [0x04250000, 0x04250000, 0x042d0000)
 tenured generation   total 10944K, used 2687K [0x09350000, 0x09e00000, 0x13e00000)
   the space 10944K,  24% used [0x09350000, 0x095efd38, 0x095efe00, 0x09e00000)
 Metaspace       used 9220K, capacity 9345K, committed 9472K, reserved 9600K
Event: 7.831 GC heap after
Heap after GC invocations=18 (full 0):
 def new generation   total 4928K, used 265K [0x03e00000, 0x04350000, 0x09350000)
  eden space 4416K,   0% used [0x03e00000, 0x03e00000, 0x04250000)
  from space 512K,  51% used [0x04250000, 0x04292720, 0x042d0000)
  to   space 512K,   0% used [0x042d0000, 0x042d0000, 0x04350000)
 tenured generation   total 10944K, used 2687K [0x09350000, 0x09e00000, 0x13e00000)
   the space 10944K,  24% used [0x09350000, 0x095efd38, 0x095efe00, 0x09e00000)
 Metaspace       used 9220K, capacity 9345K, committed 9472K, reserved 9600K
}

