# JRE version: Java(TM) SE Runtime Environment (8.0_11-b12) (build 1.8.0_11-b12)
# Java VM: Java HotSpot(TM) Client VM (25.11-b03 mixed mode windows-x86 )
Heap:
 def new generation   total 4928K, used 1127K [0x03a00000, 0x03f50000, 0x08f50000)
  eden space 4416K,  17% used [0x03a00000, 0x03ac5050, 0x03e50000)
  from space 512K,  66% used [0x03ed0000, 0x03f24f18, 0x03f50000)
  to   space 512K,   0% used [0x03e50000, 0x03e50000, 0x03ed0000)
 tenured generation   total 10944K, used 2738K [0x08f50000, 0x09a00000, 0x13a00000)
   the space 10944K,  25% used [0x08f50000, 0x091fc8b8, 0x091fca00, 0x09a00000)
 Metaspace       used 9218K, capacity 9345K, committed 9472K, reserved 9600K
GC Heap History (10 events):
Event: 6.341 GC heap before
{Heap before GC invocations=14 (full 0):
 def new generation   total 4928K, used 4695K [0x03a00000, 0x03f50000, 0x08f50000)
  eden space 4416K, 100% used [0x03a00000, 0x03e50000, 0x03e50000)
  from space 512K,  54% used [0x03e50000, 0x03e95f18, 0x03ed0000)
  to   space 512K,   0% used [0x03ed0000, 0x03ed0000, 0x03f50000)
 tenured generation   total 10944K, used 2309K [0x08f50000, 0x09a00000, 0x13a00000)
   the space 10944K,  21% used [0x08f50000, 0x09191788, 0x09191800, 0x09a00000)
 Metaspace       used 9108K, capacity 9215K, committed 9344K, reserved 9600K
Event: 6.344 GC heap after
Heap after GC invocations=15 (full 0):
 def new generation   total 4928K, used 435K [0x03a00000, 0x03f50000, 0x08f50000)
  eden space 4416K,   0% used [0x03a00000, 0x03a00000, 0x03e50000)
  from space 512K,  85% used [0x03ed0000, 0x03f3ccf8, 0x03f50000)
  to   space 512K,   0% used [0x03e50000, 0x03e50000, 0x03ed0000)
 tenured generation   total 10944K, used 2352K [0x08f50000, 0x09a00000, 0x13a00000)
   the space 10944K,  21% used [0x08f50000, 0x0919c138, 0x0919c200, 0x09a00000)
 Metaspace       used 9108K, capacity 9215K, committed 9344K, reserved 9600K
}
Event: 7.163 GC heap before
{Heap before GC invocations=15 (full 0):
 def new generation   total 4928K, used 4851K [0x03a00000, 0x03f50000, 0x08f50000)
  eden space 4416K, 100% used [0x03a00000, 0x03e50000, 0x03e50000)
  from space 512K,  85% used [0x03ed0000, 0x03f3ccf8, 0x03f50000)
  to   space 512K,   0% used [0x03e50000, 0x03e50000, 0x03ed0000)
 tenured generation   total 10944K, used 2352K [0x08f50000, 0x09a00000, 0x13a00000)
   the space 10944K,  21% used [0x08f50000, 0x0919c138, 0x0919c200, 0x09a00000)
 Metaspace       used 9177K, capacity 9311K, committed 9472K, reserved 9600K
Event: 7.165 GC heap after
Heap after GC invocations=16 (full 0):
 def new generation   total 4928K, used 100K [0x03a00000, 0x03f50000, 0x08f50000)
  eden space 4416K,   0% used [0x03a00000, 0x03a00000, 0x03e50000)
  from space 512K,  19% used [0x03e50000, 0x03e69330, 0x03ed0000)
  to   space 512K,   0% used [0x03ed0000, 0x03ed0000, 0x03f50000)
 tenured generation   total 10944K, used 2673K [0x08f50000, 0x09a00000, 0x13a00000)
   the space 10944K,  24% used [0x08f50000, 0x091ec480, 0x091ec600, 0x09a00000)
 Metaspace       used 9177K, capacity 9311K, committed 9472K, reserved 9600K
}
Event: 7.182 GC heap before
{Heap before GC invocations=16 (full 0):
 def new generation   total 4928K, used 4516K [0x03a00000, 0x03f50000, 0x08f50000)
  eden space 4416K, 100% used [0x03a00000, 0x03e50000, 0x03e50000)
  from space 512K,  19% used [0x03e50000, 0x03e69330, 0x03ed0000)
  to   space 512K,   0% used [0x03ed0000, 0x03ed0000, 0x03f50000)
 tenured generation   total 10944K, used 2673K [0x08f50000, 0x09a00000, 0x13a00000)
   the space 10944K,  24% used [0x08f50000, 0x091ec480, 0x091ec600, 0x09a00000)
 Metaspace       used 9189K, capacity 9313K, committed 9472K, reserved 9600K
Event: 7.183 GC heap after
Heap after GC invocations=17 (full 0):
 def new generation   total 4928K, used 127K [0x03a00000, 0x03f50000, 0x08f50000)
  eden space 4416K,   0% used [0x03a00000, 0x03a00000, 0x03e50000)
  from space 512K,  24% used [0x03ed0000, 0x03eefee8, 0x03f50000)
  to   space 512K,   0% used [0x03e50000, 0x03e50000, 0x03ed0000)
 tenured generation   total 10944K, used 2673K [0x08f50000, 0x09a00000, 0x13a00000)
   the space 10944K,  24% used [0x08f50000, 0x091ec480, 0x091ec600, 0x09a00000)
 Metaspace       used 9189K, capacity 9313K, committed 9472K, reserved 9600K
}
Event: 7.251 GC heap before
{Heap before GC invocations=17 (full 0):
 def new generation   total 4928K, used 4543K [0x03a00000, 0x03f50000, 0x08f50000)
  eden space 4416K, 100% used [0x03a00000, 0x03e50000, 0x03e50000)
  from space 512K,  24% used [0x03ed0000, 0x03eefee8, 0x03f50000)
  to   space 512K,   0% used [0x03e50000, 0x03e50000, 0x03ed0000)
 tenured generation   total 10944K, used 2673K [0x08f50000, 0x09a00000, 0x13a00000)
   the space 10944K,  24% used [0x08f50000, 0x091ec480, 0x091ec600, 0x09a00000)
 Metaspace       used 9198K, capacity 9313K, committed 9472K, reserved 9600K
Event: 7.252 GC heap after
Heap after GC invocations=18 (full 0):
 def new generation   total 4928K, used 273K [0x03a00000, 0x03f50000, 0x08f50000)
  eden space 4416K,   0% used [0x03a00000, 0x03a00000, 0x03e50000)
  from space 512K,  53% used [0x03e50000, 0x03e94468, 0x03ed0000)
  to   space 512K,   0% used [0x03ed0000, 0x03ed0000, 0x03f50000)
 tenured generation   total 10944K, used 2673K [0x08f50000, 0x09a00000, 0x13a00000)
   the space 10944K,  24% used [0x08f50000, 0x091ec480, 0x091ec600, 0x09a00000)
 Metaspace       used 9198K, capacity 9313K, committed 9472K, reserved 9600K
}
Event: 10.040 GC heap before
{Heap before GC invocations=18 (full 0):
 def new generation   total 4928K, used 4689K [0x03a00000, 0x03f50000, 0x08f50000)
  eden space 4416K, 100% used [0x03a00000, 0x03e50000, 0x03e50000)
  from space 512K,  53% used [0x03e50000, 0x03e94468, 0x03ed0000)
  to   space 512K,   0% used [0x03ed0000, 0x03ed0000, 0x03f50000)
 tenured generation   total 10944K, used 2673K [0x08f50000, 0x09a00000, 0x13a00000)
   the space 10944K,  24% used [0x08f50000, 0x091ec480, 0x091ec600, 0x09a00000)
 Metaspace       used 9199K, capacity 9313K, committed 9472K, reserved 9600K
Event: 10.045 GC heap after
Heap after GC invocations=19 (full 0):
 def new generation   total 4928K, used 339K [0x03a00000, 0x03f50000, 0x08f50000)
  eden space 4416K,   0% used [0x03a00000, 0x03a00000, 0x03e50000)
  from space 512K,  66% used [0x03ed0000, 0x03f24f18, 0x03f50000)
  to   space 512K,   0% used [0x03e50000, 0x03e50000, 0x03ed0000)
 tenured generation   total 10944K, used 2738K [0x08f50000, 0x09a00000, 0x13a00000)
   the space 10944K,  25% used [0x08f50000, 0x091fc8b8, 0x091fca00, 0x09a00000)
 Metaspace       used 9199K, capacity 9313K, committed 9472K, reserved 9600K
}

