# JRE version: Java(TM) SE Runtime Environment (8.0-b132) (build 1.8.0-b132)
# Java VM: Java HotSpot(TM) Client VM (25.0-b70 mixed mode windows-x86 )
Heap:
 def new generation   total 4992K, used 3401K [0x03e00000, 0x04360000, 0x09350000)
  eden space 4480K,  72% used [0x03e00000, 0x041312f0, 0x04260000)
  from space 512K,  25% used [0x042e0000, 0x043013b8, 0x04360000)
  to   space 512K,   0% used [0x04260000, 0x04260000, 0x042e0000)
 tenured generation   total 10944K, used 10058K [0x09350000, 0x09e00000, 0x13e00000)
   the space 10944K,  91% used [0x09350000, 0x09d22ba8, 0x09d22c00, 0x09e00000)
 Metaspace       used 8905K, capacity 8942K, committed 9088K, reserved 9600K
GC Heap History (10 events):
Event: 72.769 GC heap before
{Heap before GC invocations=80 (full 7):
 def new generation   total 4992K, used 4986K [0x03e00000, 0x04360000, 0x09350000)
  eden space 4480K, 100% used [0x03e00000, 0x04260000, 0x04260000)
  from space 512K,  98% used [0x04260000, 0x042dea78, 0x042e0000)
  to   space 512K,   0% used [0x042e0000, 0x042e0000, 0x04360000)
 tenured generation   total 10944K, used 9568K [0x09350000, 0x09e00000, 0x13e00000)
   the space 10944K,  87% used [0x09350000, 0x09ca80c0, 0x09ca8200, 0x09e00000)
 Metaspace       used 8903K, capacity 8942K, committed 9088K, reserved 9600K
Event: 72.771 GC heap after
Heap after GC invocations=81 (full 7):
 def new generation   total 4992K, used 23K [0x03e00000, 0x04360000, 0x09350000)
  eden space 4480K,   0% used [0x03e00000, 0x03e00000, 0x04260000)
  from space 512K,   4% used [0x042e0000, 0x042e5e88, 0x04360000)
  to   space 512K,   0% used [0x04260000, 0x04260000, 0x042e0000)
 tenured generation   total 10944K, used 10058K [0x09350000, 0x09e00000, 0x13e00000)
   the space 10944K,  91% used [0x09350000, 0x09d22ba8, 0x09d22c00, 0x09e00000)
 Metaspace       used 8903K, capacity 8942K, committed 9088K, reserved 9600K
}
Event: 74.382 GC heap before
{Heap before GC invocations=81 (full 7):
 def new generation   total 4992K, used 4503K [0x03e00000, 0x04360000, 0x09350000)
  eden space 4480K, 100% used [0x03e00000, 0x04260000, 0x04260000)
  from space 512K,   4% used [0x042e0000, 0x042e5e88, 0x04360000)
  to   space 512K,   0% used [0x04260000, 0x04260000, 0x042e0000)
 tenured generation   total 10944K, used 10058K [0x09350000, 0x09e00000, 0x13e00000)
   the space 10944K,  91% used [0x09350000, 0x09d22ba8, 0x09d22c00, 0x09e00000)
 Metaspace       used 8905K, capacity 8942K, committed 9088K, reserved 9600K
Event: 74.384 GC heap after
Heap after GC invocations=82 (full 7):
 def new generation   total 4992K, used 64K [0x03e00000, 0x04360000, 0x09350000)
  eden space 4480K,   0% used [0x03e00000, 0x03e00000, 0x04260000)
  from space 512K,  12% used [0x04260000, 0x042700c0, 0x042e0000)
  to   space 512K,   0% used [0x042e0000, 0x042e0000, 0x04360000)
 tenured generation   total 10944K, used 10058K [0x09350000, 0x09e00000, 0x13e00000)
   the space 10944K,  91% used [0x09350000, 0x09d22ba8, 0x09d22c00, 0x09e00000)
 Metaspace       used 8905K, capacity 8942K, committed 9088K, reserved 9600K
}
Event: 74.398 GC heap before
{Heap before GC invocations=82 (full 7):
 def new generation   total 4992K, used 4544K [0x03e00000, 0x04360000, 0x09350000)
  eden space 4480K, 100% used [0x03e00000, 0x04260000, 0x04260000)
  from space 512K,  12% used [0x04260000, 0x042700c0, 0x042e0000)
  to   space 512K,   0% used [0x042e0000, 0x042e0000, 0x04360000)
 tenured generation   total 10944K, used 10058K [0x09350000, 0x09e00000, 0x13e00000)
   the space 10944K,  91% used [0x09350000, 0x09d22ba8, 0x09d22c00, 0x09e00000)
 Metaspace       used 8905K, capacity 8942K, committed 9088K, reserved 9600K
Event: 74.400 GC heap after
Heap after GC invocations=83 (full 7):
 def new generation   total 4992K, used 122K [0x03e00000, 0x04360000, 0x09350000)
  eden space 4480K,   0% used [0x03e00000, 0x03e00000, 0x04260000)
  from space 512K,  23% used [0x042e0000, 0x042fe970, 0x04360000)
  to   space 512K,   0% used [0x04260000, 0x04260000, 0x042e0000)
 tenured generation   total 10944K, used 10058K [0x09350000, 0x09e00000, 0x13e00000)
   the space 10944K,  91% used [0x09350000, 0x09d22ba8, 0x09d22c00, 0x09e00000)
 Metaspace       used 8905K, capacity 8942K, committed 9088K, reserved 9600K
}
Event: 74.409 GC heap before
{Heap before GC invocations=83 (full 7):
 def new generation   total 4992K, used 4602K [0x03e00000, 0x04360000, 0x09350000)
  eden space 4480K, 100% used [0x03e00000, 0x04260000, 0x04260000)
  from space 512K,  23% used [0x042e0000, 0x042fe970, 0x04360000)
  to   space 512K,   0% used [0x04260000, 0x04260000, 0x042e0000)
 tenured generation   total 10944K, used 10058K [0x09350000, 0x09e00000, 0x13e00000)
   the space 10944K,  91% used [0x09350000, 0x09d22ba8, 0x09d22c00, 0x09e00000)
 Metaspace       used 8905K, capacity 8942K, committed 9088K, reserved 9600K
Event: 74.410 GC heap after
Heap after GC invocations=84 (full 7):
 def new generation   total 4992K, used 126K [0x03e00000, 0x04360000, 0x09350000)
  eden space 4480K,   0% used [0x03e00000, 0x03e00000, 0x04260000)
  from space 512K,  24% used [0x04260000, 0x0427fb38, 0x042e0000)
  to   space 512K,   0% used [0x042e0000, 0x042e0000, 0x04360000)
 tenured generation   total 10944K, used 10058K [0x09350000, 0x09e00000, 0x13e00000)
   the space 10944K,  91% used [0x09350000, 0x09d22ba8, 0x09d22c00, 0x09e00000)
 Metaspace       used 8905K, capacity 8942K, committed 9088K, reserved 9600K
}
Event: 74.419 GC heap before
{Heap before GC invocations=84 (full 7):
 def new generation   total 4992K, used 4606K [0x03e00000, 0x04360000, 0x09350000)
  eden space 4480K, 100% used [0x03e00000, 0x04260000, 0x04260000)
  from space 512K,  24% used [0x04260000, 0x0427fb38, 0x042e0000)
  to   space 512K,   0% used [0x042e0000, 0x042e0000, 0x04360000)
 tenured generation   total 10944K, used 10058K [0x09350000, 0x09e00000, 0x13e00000)
   the space 10944K,  91% used [0x09350000, 0x09d22ba8, 0x09d22c00, 0x09e00000)
 Metaspace       used 8905K, capacity 8942K, committed 9088K, reserved 9600K
Event: 74.421 GC heap after
Heap after GC invocations=85 (full 7):
 def new generation   total 4992K, used 132K [0x03e00000, 0x04360000, 0x09350000)
  eden space 4480K,   0% used [0x03e00000, 0x03e00000, 0x04260000)
  from space 512K,  25% used [0x042e0000, 0x043013b8, 0x04360000)
  to   space 512K,   0% used [0x04260000, 0x04260000, 0x042e0000)
 tenured generation   total 10944K, used 10058K [0x09350000, 0x09e00000, 0x13e00000)
   the space 10944K,  91% used [0x09350000, 0x09d22ba8, 0x09d22c00, 0x09e00000)
 Metaspace       used 8905K, capacity 8942K, committed 9088K, reserved 9600K
}

