# JRE version: Java(TM) SE Runtime Environment (8.0_11-b12) (build 1.8.0_11-b12)
# Java VM: Java HotSpot(TM) Client VM (25.11-b03 mixed mode, sharing windows-x86 )
Heap:
 def new generation   total 4928K, used 1752K [0x03c00000, 0x04150000, 0x09150000)
  eden space 4416K,  39% used [0x03c00000, 0x03db1f40, 0x04050000)
  from space 512K,   3% used [0x040d0000, 0x040d4490, 0x04150000)
  to   space 512K,   0% used [0x04050000, 0x04050000, 0x040d0000)
 tenured generation   total 10944K, used 4517K [0x09150000, 0x09c00000, 0x13c00000)
   the space 10944K,  41% used [0x09150000, 0x095b9598, 0x095b9600, 0x09c00000)
 Metaspace       used 2358K, capacity 2755K, committed 2880K, reserved 4480K
GC Heap History (10 events):
Event: 7.281 GC heap before
{Heap before GC invocations=2 (full 0):
 def new generation   total 4928K, used 4928K [0x03c00000, 0x04150000, 0x09150000)
  eden space 4416K, 100% used [0x03c00000, 0x04050000, 0x04050000)
  from space 512K, 100% used [0x04050000, 0x040d0000, 0x040d0000)
  to   space 512K,   0% used [0x040d0000, 0x040d0000, 0x04150000)
 tenured generation   total 10944K, used 2002K [0x09150000, 0x09c00000, 0x13c00000)
   the space 10944K,  18% used [0x09150000, 0x09344bf0, 0x09344c00, 0x09c00000)
 Metaspace       used 2138K, capacity 2652K, committed 2752K, reserved 4480K
Event: 7.284 GC heap after
Heap after GC invocations=3 (full 0):
 def new generation   total 4928K, used 512K [0x03c00000, 0x04150000, 0x09150000)
  eden space 4416K,   0% used [0x03c00000, 0x03c00000, 0x04050000)
  from space 512K, 100% used [0x040d0000, 0x04150000, 0x04150000)
  to   space 512K,   0% used [0x04050000, 0x04050000, 0x040d0000)
 tenured generation   total 10944K, used 2594K [0x09150000, 0x09c00000, 0x13c00000)
   the space 10944K,  23% used [0x09150000, 0x093d88a8, 0x093d8a00, 0x09c00000)
 Metaspace       used 2138K, capacity 2652K, committed 2752K, reserved 4480K
}
Event: 12.164 GC heap before
{Heap before GC invocations=3 (full 0):
 def new generation   total 4928K, used 4928K [0x03c00000, 0x04150000, 0x09150000)
  eden space 4416K, 100% used [0x03c00000, 0x04050000, 0x04050000)
  from space 512K, 100% used [0x040d0000, 0x04150000, 0x04150000)
  to   space 512K,   0% used [0x04050000, 0x04050000, 0x040d0000)
 tenured generation   total 10944K, used 2594K [0x09150000, 0x09c00000, 0x13c00000)
   the space 10944K,  23% used [0x09150000, 0x093d88a8, 0x093d8a00, 0x09c00000)
 Metaspace       used 2238K, capacity 2723K, committed 2752K, reserved 4480K
Event: 12.172 GC heap after
Heap after GC invocations=4 (full 0):
 def new generation   total 4928K, used 436K [0x03c00000, 0x04150000, 0x09150000)
  eden space 4416K,   0% used [0x03c00000, 0x03c00000, 0x04050000)
  from space 512K,  85% used [0x04050000, 0x040bd328, 0x040d0000)
  to   space 512K,   0% used [0x040d0000, 0x040d0000, 0x04150000)
 tenured generation   total 10944K, used 2948K [0x09150000, 0x09c00000, 0x13c00000)
   the space 10944K,  26% used [0x09150000, 0x09431030, 0x09431200, 0x09c00000)
 Metaspace       used 2238K, capacity 2723K, committed 2752K, reserved 4480K
}
Event: 24.501 GC heap before
{Heap before GC invocations=4 (full 0):
 def new generation   total 4928K, used 4852K [0x03c00000, 0x04150000, 0x09150000)
  eden space 4416K, 100% used [0x03c00000, 0x04050000, 0x04050000)
  from space 512K,  85% used [0x04050000, 0x040bd328, 0x040d0000)
  to   space 512K,   0% used [0x040d0000, 0x040d0000, 0x04150000)
 tenured generation   total 10944K, used 2948K [0x09150000, 0x09c00000, 0x13c00000)
   the space 10944K,  26% used [0x09150000, 0x09431030, 0x09431200, 0x09c00000)
 Metaspace       used 2255K, capacity 2755K, committed 2880K, reserved 4480K
Event: 24.506 GC heap after
Heap after GC invocations=5 (full 0):
 def new generation   total 4928K, used 331K [0x03c00000, 0x04150000, 0x09150000)
  eden space 4416K,   0% used [0x03c00000, 0x03c00000, 0x04050000)
  from space 512K,  64% used [0x040d0000, 0x04122db8, 0x04150000)
  to   space 512K,   0% used [0x04050000, 0x04050000, 0x040d0000)
 tenured generation   total 10944K, used 3144K [0x09150000, 0x09c00000, 0x13c00000)
   the space 10944K,  28% used [0x09150000, 0x09462178, 0x09462200, 0x09c00000)
 Metaspace       used 2255K, capacity 2755K, committed 2880K, reserved 4480K
}
Event: 31.678 GC heap before
{Heap before GC invocations=5 (full 0):
 def new generation   total 4928K, used 4747K [0x03c00000, 0x04150000, 0x09150000)
  eden space 4416K, 100% used [0x03c00000, 0x04050000, 0x04050000)
  from space 512K,  64% used [0x040d0000, 0x04122db8, 0x04150000)
  to   space 512K,   0% used [0x04050000, 0x04050000, 0x040d0000)
 tenured generation   total 10944K, used 3144K [0x09150000, 0x09c00000, 0x13c00000)
   the space 10944K,  28% used [0x09150000, 0x09462178, 0x09462200, 0x09c00000)
 Metaspace       used 2324K, capacity 2755K, committed 2880K, reserved 4480K
Event: 31.689 GC heap after
Heap after GC invocations=6 (full 0):
 def new generation   total 4928K, used 512K [0x03c00000, 0x04150000, 0x09150000)
  eden space 4416K,   0% used [0x03c00000, 0x03c00000, 0x04050000)
  from space 512K, 100% used [0x04050000, 0x040d0000, 0x040d0000)
  to   space 512K,   0% used [0x040d0000, 0x040d0000, 0x04150000)
 tenured generation   total 10944K, used 4010K [0x09150000, 0x09c00000, 0x13c00000)
   the space 10944K,  36% used [0x09150000, 0x0953a9e0, 0x0953aa00, 0x09c00000)
 Metaspace       used 2324K, capacity 2755K, committed 2880K, reserved 4480K
}
Event: 32.071 GC heap before
{Heap before GC invocations=6 (full 0):
 def new generation   total 4928K, used 4928K [0x03c00000, 0x04150000, 0x09150000)
  eden space 4416K, 100% used [0x03c00000, 0x04050000, 0x04050000)
  from space 512K, 100% used [0x04050000, 0x040d0000, 0x040d0000)
  to   space 512K,   0% used [0x040d0000, 0x040d0000, 0x04150000)
 tenured generation   total 10944K, used 4010K [0x09150000, 0x09c00000, 0x13c00000)
   the space 10944K,  36% used [0x09150000, 0x0953a9e0, 0x0953aa00, 0x09c00000)
 Metaspace       used 2358K, capacity 2755K, committed 2880K, reserved 4480K
Event: 32.074 GC heap after
Heap after GC invocations=7 (full 0):
 def new generation   total 4928K, used 17K [0x03c00000, 0x04150000, 0x09150000)
  eden space 4416K,   0% used [0x03c00000, 0x03c00000, 0x04050000)
  from space 512K,   3% used [0x040d0000, 0x040d4490, 0x04150000)
  to   space 512K,   0% used [0x04050000, 0x04050000, 0x040d0000)
 tenured generation   total 10944K, used 4517K [0x09150000, 0x09c00000, 0x13c00000)
   the space 10944K,  41% used [0x09150000, 0x095b9598, 0x095b9600, 0x09c00000)
 Metaspace       used 2358K, capacity 2755K, committed 2880K, reserved 4480K
}

