# JRE version: Java(TM) SE Runtime Environment (8.0_11-b12) (build 1.8.0_11-b12)
# Java VM: Java HotSpot(TM) Client VM (25.11-b03 mixed mode, sharing windows-x86 )
Heap:
 def new generation   total 4928K, used 3183K [0x03c00000, 0x04150000, 0x09150000)
  eden space 4416K,  64% used [0x03c00000, 0x03eca700, 0x04050000)
  from space 512K,  63% used [0x04050000, 0x040a16c0, 0x040d0000)
  to   space 512K,   0% used [0x040d0000, 0x040d0000, 0x04150000)
 tenured generation   total 10944K, used 2930K [0x09150000, 0x09c00000, 0x13c00000)
   the space 10944K,  26% used [0x09150000, 0x0942c8a8, 0x0942ca00, 0x09c00000)
 Metaspace       used 2261K, capacity 2755K, committed 2880K, reserved 4480K
GC Heap History (8 events):
Event: 0.229 GC heap before
{Heap before GC invocations=0 (full 0):
 def new generation   total 4928K, used 4416K [0x03c00000, 0x04150000, 0x09150000)
  eden space 4416K, 100% used [0x03c00000, 0x04050000, 0x04050000)
  from space 512K,   0% used [0x04050000, 0x04050000, 0x040d0000)
  to   space 512K,   0% used [0x040d0000, 0x040d0000, 0x04150000)
 tenured generation   total 10944K, used 0K [0x09150000, 0x09c00000, 0x13c00000)
   the space 10944K,   0% used [0x09150000, 0x09150000, 0x09150200, 0x09c00000)
 Metaspace       used 1033K, capacity 2435K, committed 2496K, reserved 4480K
Event: 0.236 GC heap after
Heap after GC invocations=1 (full 0):
 def new generation   total 4928K, used 512K [0x03c00000, 0x04150000, 0x09150000)
  eden space 4416K,   0% used [0x03c00000, 0x03c00000, 0x04050000)
  from space 512K, 100% used [0x040d0000, 0x04150000, 0x04150000)
  to   space 512K,   0% used [0x04050000, 0x04050000, 0x040d0000)
 tenured generation   total 10944K, used 1112K [0x09150000, 0x09c00000, 0x13c00000)
   the space 10944K,  10% used [0x09150000, 0x09266380, 0x09266400, 0x09c00000)
 Metaspace       used 1033K, capacity 2435K, committed 2496K, reserved 4480K
}
Event: 4.248 GC heap before
{Heap before GC invocations=1 (full 0):
 def new generation   total 4928K, used 4816K [0x03c00000, 0x04150000, 0x09150000)
  eden space 4416K,  97% used [0x03c00000, 0x040340b0, 0x04050000)
  from space 512K, 100% used [0x040d0000, 0x04150000, 0x04150000)
  to   space 512K,   0% used [0x04050000, 0x04050000, 0x040d0000)
 tenured generation   total 10944K, used 1112K [0x09150000, 0x09c00000, 0x13c00000)
   the space 10944K,  10% used [0x09150000, 0x09266380, 0x09266400, 0x09c00000)
 Metaspace       used 1971K, capacity 2519K, committed 2624K, reserved 4480K
Event: 4.267 GC heap after
Heap after GC invocations=2 (full 0):
 def new generation   total 4928K, used 512K [0x03c00000, 0x04150000, 0x09150000)
  eden space 4416K,   0% used [0x03c00000, 0x03c00000, 0x04050000)
  from space 512K, 100% used [0x04050000, 0x040d0000, 0x040d0000)
  to   space 512K,   0% used [0x040d0000, 0x040d0000, 0x04150000)
 tenured generation   total 10944K, used 2001K [0x09150000, 0x09c00000, 0x13c00000)
   the space 10944K,  18% used [0x09150000, 0x09344640, 0x09344800, 0x09c00000)
 Metaspace       used 1971K, capacity 2519K, committed 2624K, reserved 4480K
}
Event: 7.491 GC heap before
{Heap before GC invocations=2 (full 0):
 def new generation   total 4928K, used 4928K [0x03c00000, 0x04150000, 0x09150000)
  eden space 4416K, 100% used [0x03c00000, 0x04050000, 0x04050000)
  from space 512K, 100% used [0x04050000, 0x040d0000, 0x040d0000)
  to   space 512K,   0% used [0x040d0000, 0x040d0000, 0x04150000)
 tenured generation   total 10944K, used 2001K [0x09150000, 0x09c00000, 0x13c00000)
   the space 10944K,  18% used [0x09150000, 0x09344640, 0x09344800, 0x09c00000)
 Metaspace       used 2134K, capacity 2652K, committed 2752K, reserved 4480K
Event: 7.496 GC heap after
Heap after GC invocations=3 (full 0):
 def new generation   total 4928K, used 512K [0x03c00000, 0x04150000, 0x09150000)
  eden space 4416K,   0% used [0x03c00000, 0x03c00000, 0x04050000)
  from space 512K, 100% used [0x040d0000, 0x04150000, 0x04150000)
  to   space 512K,   0% used [0x04050000, 0x04050000, 0x040d0000)
 tenured generation   total 10944K, used 2582K [0x09150000, 0x09c00000, 0x13c00000)
   the space 10944K,  23% used [0x09150000, 0x093d5bd0, 0x093d5c00, 0x09c00000)
 Metaspace       used 2134K, capacity 2652K, committed 2752K, reserved 4480K
}
Event: 15.547 GC heap before
{Heap before GC invocations=3 (full 0):
 def new generation   total 4928K, used 4928K [0x03c00000, 0x04150000, 0x09150000)
  eden space 4416K, 100% used [0x03c00000, 0x04050000, 0x04050000)
  from space 512K, 100% used [0x040d0000, 0x04150000, 0x04150000)
  to   space 512K,   0% used [0x04050000, 0x04050000, 0x040d0000)
 tenured generation   total 10944K, used 2582K [0x09150000, 0x09c00000, 0x13c00000)
   the space 10944K,  23% used [0x09150000, 0x093d5bd0, 0x093d5c00, 0x09c00000)
 Metaspace       used 2225K, capacity 2723K, committed 2752K, reserved 4480K
Event: 15.552 GC heap after
Heap after GC invocations=4 (full 0):
 def new generation   total 4928K, used 325K [0x03c00000, 0x04150000, 0x09150000)
  eden space 4416K,   0% used [0x03c00000, 0x03c00000, 0x04050000)
  from space 512K,  63% used [0x04050000, 0x040a16c0, 0x040d0000)
  to   space 512K,   0% used [0x040d0000, 0x040d0000, 0x04150000)
 tenured generation   total 10944K, used 2930K [0x09150000, 0x09c00000, 0x13c00000)
   the space 10944K,  26% used [0x09150000, 0x0942c8a8, 0x0942ca00, 0x09c00000)
 Metaspace       used 2225K, capacity 2723K, committed 2752K, reserved 4480K
}

