# JRE version: 7.0_17-b02
# Java VM: Java HotSpot(TM) Client VM (23.7-b01 mixed mode, sharing windows-x86 )
Heap
 def new generation   total 4928K, used 2928K [0x234d0000, 0x23a20000, 0x28a20000)
  eden space 4416K,  55% used [0x234d0000, 0x237323c8, 0x23920000)
  from space 512K,  95% used [0x239a0000, 0x23a19f70, 0x23a20000)
  to   space 512K,   0% used [0x23920000, 0x23920000, 0x239a0000)
 tenured generation   total 10944K, used 7988K [0x28a20000, 0x294d0000, 0x334d0000)
   the space 10944K,  72% used [0x28a20000, 0x291ed190, 0x291ed200, 0x294d0000)
 compacting perm gen  total 12288K, used 3027K [0x334d0000, 0x340d0000, 0x374d0000)
   the space 12288K,  24% used [0x334d0000, 0x337c4dd8, 0x337c4e00, 0x340d0000)
    ro space 10240K,  45% used [0x374d0000, 0x379573d8, 0x37957400, 0x37ed0000)
    rw space 12288K,  54% used [0x37ed0000, 0x3855acc8, 0x3855ae00, 0x38ad0000)
GC Heap History (10 events):
Event: 28.117 GC heap before
{Heap before GC invocations=4 (full 0):
 def new generation   total 4928K, used 4928K [0x234d0000, 0x23a20000, 0x28a20000)
  eden space 4416K, 100% used [0x234d0000, 0x23920000, 0x23920000)
  from space 512K, 100% used [0x23920000, 0x239a0000, 0x239a0000)
  to   space 512K,   0% used [0x239a0000, 0x239a0000, 0x23a20000)
 tenured generation   total 10944K, used 5698K [0x28a20000, 0x294d0000, 0x334d0000)
   the space 10944K,  52% used [0x28a20000, 0x28fb0b08, 0x28fb0c00, 0x294d0000)
 compacting perm gen  total 12288K, used 2765K [0x334d0000, 0x340d0000, 0x374d0000)
   the space 12288K,  22% used [0x334d0000, 0x33783428, 0x33783600, 0x340d0000)
    ro space 10240K,  45% used [0x374d0000, 0x379573d8, 0x37957400, 0x37ed0000)
    rw space 12288K,  54% used [0x37ed0000, 0x3855acc8, 0x3855ae00, 0x38ad0000)
Event: 28.127 GC heap after
Heap after GC invocations=5 (full 0):
 def new generation   total 4928K, used 512K [0x234d0000, 0x23a20000, 0x28a20000)
  eden space 4416K,   0% used [0x234d0000, 0x234d0000, 0x23920000)
  from space 512K, 100% used [0x239a0000, 0x23a20000, 0x23a20000)
  to   space 512K,   0% used [0x23920000, 0x23920000, 0x239a0000)
 tenured generation   total 10944K, used 6707K [0x28a20000, 0x294d0000, 0x334d0000)
   the space 10944K,  61% used [0x28a20000, 0x290acc68, 0x290ace00, 0x294d0000)
 compacting perm gen  total 12288K, used 2765K [0x334d0000, 0x340d0000, 0x374d0000)
   the space 12288K,  22% used [0x334d0000, 0x33783428, 0x33783600, 0x340d0000)
    ro space 10240K,  45% used [0x374d0000, 0x379573d8, 0x37957400, 0x37ed0000)
    rw space 12288K,  54% used [0x37ed0000, 0x3855acc8, 0x3855ae00, 0x38ad0000)
}
Event: 39.210 GC heap before
{Heap before GC invocations=5 (full 0):
 def new generation   total 4928K, used 4928K [0x234d0000, 0x23a20000, 0x28a20000)
  eden space 4416K, 100% used [0x234d0000, 0x23920000, 0x23920000)
  from space 512K, 100% used [0x239a0000, 0x23a20000, 0x23a20000)
  to   space 512K,   0% used [0x23920000, 0x23920000, 0x239a0000)
 tenured generation   total 10944K, used 6707K [0x28a20000, 0x294d0000, 0x334d0000)
   the space 10944K,  61% used [0x28a20000, 0x290acc68, 0x290ace00, 0x294d0000)
 compacting perm gen  total 12288K, used 2862K [0x334d0000, 0x340d0000, 0x374d0000)
   the space 12288K,  23% used [0x334d0000, 0x3379ba28, 0x3379bc00, 0x340d0000)
    ro space 10240K,  45% used [0x374d0000, 0x379573d8, 0x37957400, 0x37ed0000)
    rw space 12288K,  54% used [0x37ed0000, 0x3855acc8, 0x3855ae00, 0x38ad0000)
Event: 39.216 GC heap after
Heap after GC invocations=6 (full 0):
 def new generation   total 4928K, used 462K [0x234d0000, 0x23a20000, 0x28a20000)
  eden space 4416K,   0% used [0x234d0000, 0x234d0000, 0x23920000)
  from space 512K,  90% used [0x23920000, 0x23993aa8, 0x239a0000)
  to   space 512K,   0% used [0x239a0000, 0x239a0000, 0x23a20000)
 tenured generation   total 10944K, used 7017K [0x28a20000, 0x294d0000, 0x334d0000)
   the space 10944K,  64% used [0x28a20000, 0x290fa440, 0x290fa600, 0x294d0000)
 compacting perm gen  total 12288K, used 2862K [0x334d0000, 0x340d0000, 0x374d0000)
   the space 12288K,  23% used [0x334d0000, 0x3379ba28, 0x3379bc00, 0x340d0000)
    ro space 10240K,  45% used [0x374d0000, 0x379573d8, 0x37957400, 0x37ed0000)
    rw space 12288K,  54% used [0x37ed0000, 0x3855acc8, 0x3855ae00, 0x38ad0000)
}
Event: 59.361 GC heap before
{Heap before GC invocations=6 (full 0):
 def new generation   total 4928K, used 4878K [0x234d0000, 0x23a20000, 0x28a20000)
  eden space 4416K, 100% used [0x234d0000, 0x23920000, 0x23920000)
  from space 512K,  90% used [0x23920000, 0x23993aa8, 0x239a0000)
  to   space 512K,   0% used [0x239a0000, 0x239a0000, 0x23a20000)
 tenured generation   total 10944K, used 7017K [0x28a20000, 0x294d0000, 0x334d0000)
   the space 10944K,  64% used [0x28a20000, 0x290fa440, 0x290fa600, 0x294d0000)
 compacting perm gen  total 12288K, used 3025K [0x334d0000, 0x340d0000, 0x374d0000)
   the space 12288K,  24% used [0x334d0000, 0x337c4700, 0x337c4800, 0x340d0000)
    ro space 10240K,  45% used [0x374d0000, 0x379573d8, 0x37957400, 0x37ed0000)
    rw space 12288K,  54% used [0x37ed0000, 0x3855acc8, 0x3855ae00, 0x38ad0000)
Event: 59.365 GC heap after
Heap after GC invocations=7 (full 0):
 def new generation   total 4928K, used 512K [0x234d0000, 0x23a20000, 0x28a20000)
  eden space 4416K,   0% used [0x234d0000, 0x234d0000, 0x23920000)
  from space 512K, 100% used [0x239a0000, 0x23a20000, 0x23a20000)
  to   space 512K,   0% used [0x23920000, 0x23920000, 0x239a0000)
 tenured generation   total 10944K, used 7163K [0x28a20000, 0x294d0000, 0x334d0000)
   the space 10944K,  65% used [0x28a20000, 0x2911ed00, 0x2911ee00, 0x294d0000)
 compacting perm gen  total 12288K, used 3025K [0x334d0000, 0x340d0000, 0x374d0000)
   the space 12288K,  24% used [0x334d0000, 0x337c4700, 0x337c4800, 0x340d0000)
    ro space 10240K,  45% used [0x374d0000, 0x379573d8, 0x37957400, 0x37ed0000)
    rw space 12288K,  54% used [0x37ed0000, 0x3855acc8, 0x3855ae00, 0x38ad0000)
}
Event: 65.764 GC heap before
{Heap before GC invocations=7 (full 0):
 def new generation   total 4928K, used 4928K [0x234d0000, 0x23a20000, 0x28a20000)
  eden space 4416K, 100% used [0x234d0000, 0x23920000, 0x23920000)
  from space 512K, 100% used [0x239a0000, 0x23a20000, 0x23a20000)
  to   space 512K,   0% used [0x23920000, 0x23920000, 0x239a0000)
 tenured generation   total 10944K, used 7163K [0x28a20000, 0x294d0000, 0x334d0000)
   the space 10944K,  65% used [0x28a20000, 0x2911ed00, 0x2911ee00, 0x294d0000)
 compacting perm gen  total 12288K, used 3027K [0x334d0000, 0x340d0000, 0x374d0000)
   the space 12288K,  24% used [0x334d0000, 0x337c4cd8, 0x337c4e00, 0x340d0000)
    ro space 10240K,  45% used [0x374d0000, 0x379573d8, 0x37957400, 0x37ed0000)
    rw space 12288K,  54% used [0x37ed0000, 0x3855acc8, 0x3855ae00, 0x38ad0000)
Event: 65.769 GC heap after
Heap after GC invocations=8 (full 0):
 def new generation   total 4928K, used 512K [0x234d0000, 0x23a20000, 0x28a20000)
  eden space 4416K,   0% used [0x234d0000, 0x234d0000, 0x23920000)
  from space 512K, 100% used [0x23920000, 0x239a0000, 0x239a0000)
  to   space 512K,   0% used [0x239a0000, 0x239a0000, 0x23a20000)
 tenured generation   total 10944K, used 7743K [0x28a20000, 0x294d0000, 0x334d0000)
   the space 10944K,  70% used [0x28a20000, 0x291afee8, 0x291b0000, 0x294d0000)
 compacting perm gen  total 12288K, used 3027K [0x334d0000, 0x340d0000, 0x374d0000)
   the space 12288K,  24% used [0x334d0000, 0x337c4cd8, 0x337c4e00, 0x340d0000)
    ro space 10240K,  45% used [0x374d0000, 0x379573d8, 0x37957400, 0x37ed0000)
    rw space 12288K,  54% used [0x37ed0000, 0x3855acc8, 0x3855ae00, 0x38ad0000)
}
Event: 88.523 GC heap before
{Heap before GC invocations=8 (full 0):
 def new generation   total 4928K, used 4928K [0x234d0000, 0x23a20000, 0x28a20000)
  eden space 4416K, 100% used [0x234d0000, 0x23920000, 0x23920000)
  from space 512K, 100% used [0x23920000, 0x239a0000, 0x239a0000)
  to   space 512K,   0% used [0x239a0000, 0x239a0000, 0x23a20000)
 tenured generation   total 10944K, used 7743K [0x28a20000, 0x294d0000, 0x334d0000)
   the space 10944K,  70% used [0x28a20000, 0x291afee8, 0x291b0000, 0x294d0000)
 compacting perm gen  total 12288K, used 3027K [0x334d0000, 0x340d0000, 0x374d0000)
   the space 12288K,  24% used [0x334d0000, 0x337c4d88, 0x337c4e00, 0x340d0000)
    ro space 10240K,  45% used [0x374d0000, 0x379573d8, 0x37957400, 0x37ed0000)
    rw space 12288K,  54% used [0x37ed0000, 0x3855acc8, 0x3855ae00, 0x38ad0000)
Event: 88.528 GC heap after
Heap after GC invocations=9 (full 0):
 def new generation   total 4928K, used 487K [0x234d0000, 0x23a20000, 0x28a20000)
  eden space 4416K,   0% used [0x234d0000, 0x234d0000, 0x23920000)
  from space 512K,  95% used [0x239a0000, 0x23a19f70, 0x23a20000)
  to   space 512K,   0% used [0x23920000, 0x23920000, 0x239a0000)
 tenured generation   total 10944K, used 7988K [0x28a20000, 0x294d0000, 0x334d0000)
   the space 10944K,  72% used [0x28a20000, 0x291ed190, 0x291ed200, 0x294d0000)
 compacting perm gen  total 12288K, used 3027K [0x334d0000, 0x340d0000, 0x374d0000)
   the space 12288K,  24% used [0x334d0000, 0x337c4d88, 0x337c4e00, 0x340d0000)
    ro space 10240K,  45% used [0x374d0000, 0x379573d8, 0x37957400, 0x37ed0000)
    rw space 12288K,  54% used [0x37ed0000, 0x3855acc8, 0x3855ae00, 0x38ad0000)
}

