# JRE version: Java(TM) SE Runtime Environment (8.0-b132) (build 1.8.0-b132)
# Java VM: Java HotSpot(TM) Client VM (25.0-b70 mixed mode, sharing windows-x86 )
Heap:
 def new generation   total 4992K, used 2204K [0x03c00000, 0x04160000, 0x09150000)
  eden space 4480K,  38% used [0x03c00000, 0x03db15b8, 0x04060000)
  from space 512K,  92% used [0x04060000, 0x040d5c58, 0x040e0000)
  to   space 512K,   0% used [0x040e0000, 0x040e0000, 0x04160000)
 tenured generation   total 10944K, used 4718K [0x09150000, 0x09c00000, 0x13c00000)
   the space 10944K,  43% used [0x09150000, 0x095ebbe8, 0x095ebc00, 0x09c00000)
 Metaspace       used 1791K, capacity 2630K, committed 2752K, reserved 4480K
GC Heap History (10 events):
Event: 53.091 GC heap before
{Heap before GC invocations=69 (full 14):
 def new generation   total 4992K, used 2705K [0x03c00000, 0x04160000, 0x09150000)
  eden space 4480K,  57% used [0x03c00000, 0x03e80070, 0x04060000)
  from space 512K,  28% used [0x040e0000, 0x041046a0, 0x04160000)
  to   space 512K,   0% used [0x04060000, 0x04060000, 0x040e0000)
 tenured generation   total 10944K, used 8693K [0x09150000, 0x09c00000, 0x13c00000)
   the space 10944K,  79% used [0x09150000, 0x099cd618, 0x099cd800, 0x09c00000)
 Metaspace       used 1784K, capacity 2628K, committed 2752K, reserved 4480K
Event: 53.095 GC heap after
Heap after GC invocations=70 (full 14):
 def new generation   total 4992K, used 297K [0x03c00000, 0x04160000, 0x09150000)
  eden space 4480K,   0% used [0x03c00000, 0x03c00000, 0x04060000)
  from space 512K,  58% used [0x04060000, 0x040aa6c0, 0x040e0000)
  to   space 512K,   0% used [0x040e0000, 0x040e0000, 0x04160000)
 tenured generation   total 10944K, used 10627K [0x09150000, 0x09c00000, 0x13c00000)
   the space 10944K,  97% used [0x09150000, 0x09bb0ca8, 0x09bb0e00, 0x09c00000)
 Metaspace       used 1784K, capacity 2628K, committed 2752K, reserved 4480K
}
Event: 66.538 GC heap before
{Heap before GC invocations=70 (full 14):
 def new generation   total 4992K, used 4777K [0x03c00000, 0x04160000, 0x09150000)
  eden space 4480K, 100% used [0x03c00000, 0x04060000, 0x04060000)
  from space 512K,  58% used [0x04060000, 0x040aa6c0, 0x040e0000)
  to   space 512K,   0% used [0x040e0000, 0x040e0000, 0x04160000)
 tenured generation   total 10944K, used 10627K [0x09150000, 0x09c00000, 0x13c00000)
   the space 10944K,  97% used [0x09150000, 0x09bb0ca8, 0x09bb0e00, 0x09c00000)
 Metaspace       used 1785K, capacity 2630K, committed 2752K, reserved 4480K
Event: 66.564 GC heap after
Heap after GC invocations=71 (full 15):
 def new generation   total 4992K, used 0K [0x03c00000, 0x04160000, 0x09150000)
  eden space 4480K,   0% used [0x03c00000, 0x03c00000, 0x04060000)
  from space 512K,   0% used [0x040e0000, 0x040e0000, 0x04160000)
  to   space 512K,   0% used [0x04060000, 0x04060000, 0x040e0000)
 tenured generation   total 10944K, used 4423K [0x09150000, 0x09c00000, 0x13c00000)
   the space 10944K,  40% used [0x09150000, 0x095a1e18, 0x095a2000, 0x09c00000)
 Metaspace       used 1785K, capacity 2630K, committed 2752K, reserved 4480K
}
Event: 81.434 GC heap before
{Heap before GC invocations=71 (full 15):
 def new generation   total 4992K, used 4480K [0x03c00000, 0x04160000, 0x09150000)
  eden space 4480K, 100% used [0x03c00000, 0x04060000, 0x04060000)
  from space 512K,   0% used [0x040e0000, 0x040e0000, 0x04160000)
  to   space 512K,   0% used [0x04060000, 0x04060000, 0x040e0000)
 tenured generation   total 10944K, used 4423K [0x09150000, 0x09c00000, 0x13c00000)
   the space 10944K,  40% used [0x09150000, 0x095a1e18, 0x095a2000, 0x09c00000)
 Metaspace       used 1786K, capacity 2630K, committed 2752K, reserved 4480K
Event: 81.436 GC heap after
Heap after GC invocations=72 (full 15):
 def new generation   total 4992K, used 356K [0x03c00000, 0x04160000, 0x09150000)
  eden space 4480K,   0% used [0x03c00000, 0x03c00000, 0x04060000)
  from space 512K,  69% used [0x04060000, 0x040b9118, 0x040e0000)
  to   space 512K,   0% used [0x040e0000, 0x040e0000, 0x04160000)
 tenured generation   total 10944K, used 4423K [0x09150000, 0x09c00000, 0x13c00000)
   the space 10944K,  40% used [0x09150000, 0x095a1e18, 0x095a2000, 0x09c00000)
 Metaspace       used 1786K, capacity 2630K, committed 2752K, reserved 4480K
}
Event: 91.226 GC heap before
{Heap before GC invocations=72 (full 15):
 def new generation   total 4992K, used 4836K [0x03c00000, 0x04160000, 0x09150000)
  eden space 4480K, 100% used [0x03c00000, 0x04060000, 0x04060000)
  from space 512K,  69% used [0x04060000, 0x040b9118, 0x040e0000)
  to   space 512K,   0% used [0x040e0000, 0x040e0000, 0x04160000)
 tenured generation   total 10944K, used 4423K [0x09150000, 0x09c00000, 0x13c00000)
   the space 10944K,  40% used [0x09150000, 0x095a1e18, 0x095a2000, 0x09c00000)
 Metaspace       used 1786K, capacity 2630K, committed 2752K, reserved 4480K
Event: 91.228 GC heap after
Heap after GC invocations=73 (full 15):
 def new generation   total 4992K, used 512K [0x03c00000, 0x04160000, 0x09150000)
  eden space 4480K,   0% used [0x03c00000, 0x03c00000, 0x04060000)
  from space 512K, 100% used [0x040e0000, 0x04160000, 0x04160000)
  to   space 512K,   0% used [0x04060000, 0x04060000, 0x040e0000)
 tenured generation   total 10944K, used 4588K [0x09150000, 0x09c00000, 0x13c00000)
   the space 10944K,  41% used [0x09150000, 0x095cb2c0, 0x095cb400, 0x09c00000)
 Metaspace       used 1786K, capacity 2630K, committed 2752K, reserved 4480K
}
Event: 136.721 GC heap before
{Heap before GC invocations=73 (full 15):
 def new generation   total 4992K, used 4972K [0x03c00000, 0x04160000, 0x09150000)
  eden space 4480K,  99% used [0x03c00000, 0x0405b298, 0x04060000)
  from space 512K, 100% used [0x040e0000, 0x04160000, 0x04160000)
  to   space 512K,   0% used [0x04060000, 0x04060000, 0x040e0000)
 tenured generation   total 10944K, used 4588K [0x09150000, 0x09c00000, 0x13c00000)
   the space 10944K,  41% used [0x09150000, 0x095cb2c0, 0x095cb400, 0x09c00000)
 Metaspace       used 1790K, capacity 2630K, committed 2752K, reserved 4480K
Event: 136.724 GC heap after
Heap after GC invocations=74 (full 15):
 def new generation   total 4992K, used 471K [0x03c00000, 0x04160000, 0x09150000)
  eden space 4480K,   0% used [0x03c00000, 0x03c00000, 0x04060000)
  from space 512K,  92% used [0x04060000, 0x040d5c58, 0x040e0000)
  to   space 512K,   0% used [0x040e0000, 0x040e0000, 0x04160000)
 tenured generation   total 10944K, used 4718K [0x09150000, 0x09c00000, 0x13c00000)
   the space 10944K,  43% used [0x09150000, 0x095ebbe8, 0x095ebc00, 0x09c00000)
 Metaspace       used 1790K, capacity 2630K, committed 2752K, reserved 4480K
}

